# JRE version: OpenJDK Runtime Environment (17.0.17+15) (build 17.0.17+15-LTS)
# Java VM: OpenJDK 64-Bit Server VM (17.0.17+15-LTS, mixed mode, sharing, tiered, compressed oops, compressed class ptrs, g1 gc, linux-amd64)
GC Precious Log:
 CPUs: 8 total, 8 available
 Memory: 15793M
 Large Page Support: Disabled
 NUMA Support: Disabled
 Compressed Oops: Enabled (Zero based)
 Heap Region Size: 2M
 Heap Min Capacity: 8M
 Heap Initial Capacity: 248M
 Heap Max Capacity: 3950M
 Pre-touch: Disabled
 Parallel Workers: 8
 Concurrent Workers: 2
 Concurrent Refinement Workers: 8
 Periodic GC: Disabled
Heap:
 garbage-first heap   total 92160K, used 68704K [0x0000000709200000, 0x0000000800000000)
  region size 2048K, 20 young (40960K), 3 survivors (6144K)
 Metaspace       used 78274K, committed 78976K, reserved 1179648K
  class space    used 11462K, committed 11776K, reserved 1048576K
GC Heap History (20 events):
Event: 0.653 GC heap after
{Heap after GC invocations=3 (full 0):
 garbage-first heap   total 258048K, used 15269K [0x0000000709200000, 0x0000000800000000)
  region size 2048K, 3 young (6144K), 3 survivors (6144K)
 Metaspace       used 19203K, committed 19584K, reserved 1114112K
  class space    used 2734K, committed 2880K, reserved 1048576K
}
Event: 0.696 GC heap before
{Heap before GC invocations=3 (full 0):
 garbage-first heap   total 258048K, used 25509K [0x0000000709200000, 0x0000000800000000)
  region size 2048K, 9 young (18432K), 3 survivors (6144K)
 Metaspace       used 21135K, committed 21504K, reserved 1114112K
  class space    used 2947K, committed 3136K, reserved 1048576K
}
Event: 0.699 GC heap after
{Heap after GC invocations=4 (full 0):
 garbage-first heap   total 258048K, used 16385K [0x0000000709200000, 0x0000000800000000)
  region size 2048K, 4 young (8192K), 4 survivors (8192K)
 Metaspace       used 21135K, committed 21504K, reserved 1114112K
  class space    used 2947K, committed 3136K, reserved 1048576K
}
Event: 0.897 GC heap before
{Heap before GC invocations=5 (full 0):
 garbage-first heap   total 75776K, used 53249K [0x0000000709200000, 0x0000000800000000)
  region size 2048K, 23 young (47104K), 4 survivors (8192K)
 Metaspace       used 26221K, committed 26624K, reserved 1114112K
  class space    used 3608K, committed 3776K, reserved 1048576K
}
Event: 0.902 GC heap after
{Heap after GC invocations=6 (full 0):
 garbage-first heap   total 75776K, used 17975K [0x0000000709200000, 0x0000000800000000)
  region size 2048K, 5 young (10240K), 5 survivors (10240K)
 Metaspace       used 26221K, committed 26624K, reserved 1114112K
  class space    used 3608K, committed 3776K, reserved 1048576K
}
Event: 1.179 GC heap before
{Heap before GC invocations=6 (full 0):
 garbage-first heap   total 75776K, used 48695K [0x0000000709200000, 0x0000000800000000)
  region size 2048K, 20 young (40960K), 5 survivors (10240K)
 Metaspace       used 31051K, committed 31488K, reserved 1114112K
  class space    used 4337K, committed 4480K, reserved 1048576K
}
Event: 1.188 GC heap after
{Heap after GC invocations=7 (full 0):
 garbage-first heap   total 92160K, used 20904K [0x0000000709200000, 0x0000000800000000)
  region size 2048K, 3 young (6144K), 3 survivors (6144K)
 Metaspace       used 31051K, committed 31488K, reserved 1114112K
  class space    used 4337K, committed 4480K, reserved 1048576K
}
Event: 1.429 GC heap before
{Heap before GC invocations=7 (full 0):
 garbage-first heap   total 92160K, used 45480K [0x0000000709200000, 0x0000000800000000)
  region size 2048K, 16 young (32768K), 3 survivors (6144K)
 Metaspace       used 35871K, committed 36288K, reserved 1114112K
  class space    used 5033K, committed 5248K, reserved 1048576K
}
Event: 1.433 GC heap after
{Heap after GC invocations=8 (full 0):
 garbage-first heap   total 92160K, used 23165K [0x0000000709200000, 0x0000000800000000)
  region size 2048K, 3 young (6144K), 3 survivors (6144K)
 Metaspace       used 35871K, committed 36288K, reserved 1114112K
  class space    used 5033K, committed 5248K, reserved 1048576K
}
Event: 1.908 GC heap before
{Heap before GC invocations=9 (full 0):
 garbage-first heap   total 92160K, used 60029K [0x0000000709200000, 0x0000000800000000)
  region size 2048K, 22 young (45056K), 3 survivors (6144K)
 Metaspace       used 45247K, committed 45824K, reserved 1114112K
  class space    used 6415K, committed 6720K, reserved 1048576K
}
Event: 1.914 GC heap after
{Heap after GC invocations=10 (full 0):
 garbage-first heap   total 92160K, used 25751K [0x0000000709200000, 0x0000000800000000)
  region size 2048K, 3 young (6144K), 3 survivors (6144K)
 Metaspace       used 45247K, committed 45824K, reserved 1114112K
  class space    used 6415K, committed 6720K, reserved 1048576K
}
Event: 2.230 GC heap before
{Heap before GC invocations=10 (full 0):
 garbage-first heap   total 92160K, used 64663K [0x0000000709200000, 0x0000000800000000)
  region size 2048K, 22 young (45056K), 3 survivors (6144K)
 Metaspace       used 53220K, committed 53760K, reserved 1114112K
  class space    used 7750K, committed 8000K, reserved 1048576K
}
Event: 2.234 GC heap after
{Heap after GC invocations=11 (full 0):
 garbage-first heap   total 92160K, used 28035K [0x0000000709200000, 0x0000000800000000)
  region size 2048K, 3 young (6144K), 3 survivors (6144K)
 Metaspace       used 53220K, committed 53760K, reserved 1114112K
  class space    used 7750K, committed 8000K, reserved 1048576K
}
Event: 2.466 GC heap before
{Heap before GC invocations=11 (full 0):
 garbage-first heap   total 92160K, used 52611K [0x0000000709200000, 0x0000000800000000)
  region size 2048K, 16 young (32768K), 3 survivors (6144K)
 Metaspace       used 60239K, committed 60800K, reserved 1114112K
  class space    used 8810K, committed 9088K, reserved 1048576K
}
Event: 2.469 GC heap after
{Heap after GC invocations=12 (full 0):
 garbage-first heap   total 92160K, used 29222K [0x0000000709200000, 0x0000000800000000)
  region size 2048K, 2 young (4096K), 2 survivors (4096K)
 Metaspace       used 60239K, committed 60800K, reserved 1114112K
  class space    used 8810K, committed 9088K, reserved 1048576K
}
Event: 2.826 GC heap before
{Heap before GC invocations=13 (full 0):
 garbage-first heap   total 92160K, used 68134K [0x0000000709200000, 0x0000000800000000)
  region size 2048K, 21 young (43008K), 2 survivors (4096K)
 Metaspace       used 68001K, committed 68608K, reserved 1114112K
  class space    used 10012K, committed 10304K, reserved 1048576K
}
Event: 2.829 GC heap after
{Heap after GC invocations=14 (full 0):
 garbage-first heap   total 92160K, used 31175K [0x0000000709200000, 0x0000000800000000)
  region size 2048K, 2 young (4096K), 2 survivors (4096K)
 Metaspace       used 68001K, committed 68608K, reserved 1114112K
  class space    used 10012K, committed 10304K, reserved 1048576K
}
Event: 3.137 GC heap before
{Heap before GC invocations=15 (full 0):
 garbage-first heap   total 92160K, used 68039K [0x0000000709200000, 0x0000000800000000)
  region size 2048K, 20 young (40960K), 2 survivors (4096K)
 Metaspace       used 72975K, committed 73600K, reserved 1114112K
  class space    used 10747K, committed 11008K, reserved 1048576K
}
Event: 3.140 GC heap after
{Heap after GC invocations=16 (full 0):
 garbage-first heap   total 92160K, used 33888K [0x0000000709200000, 0x0000000800000000)
  region size 2048K, 3 young (6144K), 3 survivors (6144K)
 Metaspace       used 72975K, committed 73600K, reserved 1114112K
  class space    used 10747K, committed 11008K, reserved 1048576K
}
Event: 41.286 GC heap before
{Heap before GC invocations=16 (full 0):
 garbage-first heap   total 92160K, used 68704K [0x0000000709200000, 0x0000000800000000)
  region size 2048K, 20 young (40960K), 3 survivors (6144K)
 Metaspace       used 78274K, committed 78976K, reserved 1179648K
  class space    used 11462K, committed 11776K, reserved 1048576K
}

